2024-12-17 02:10:31,087 [INFO]: Starting email parsing process with multiple accounts.
2024-12-17 02:10:31,088 [INFO]: Connecting to IMAP server.
2024-12-17 02:10:31,822 [INFO]: Logged in as ikktan1314@gmail.com. Selecting folder INBOX.
2024-12-17 02:10:32,461 [INFO]: Found 61309 messages for ikktan1314@gmail.com.
2024-12-17 02:12:02,202 [INFO]: Starting email parsing process with multiple accounts.
2024-12-17 02:12:02,202 [INFO]: Connecting to IMAP server.
2024-12-17 02:12:03,008 [INFO]: Logged in as ikktan1314@gmail.com. Selecting folder 'popmart_order'.
2024-12-17 02:12:03,248 [INFO]: Found 76 messages for ikktan1314@gmail.com in 'popmart_order'.
2024-12-17 02:12:04,247 [INFO]: Skipping email with subject: Refund notification
2024-12-17 02:12:04,250 [INFO]: Skipping email with subject: Refund notification
2024-12-17 02:12:04,322 [INFO]: Skipping email with subject: Refund notification
2024-12-17 02:12:04,488 [INFO]: Connecting to IMAP server.
2024-12-17 02:12:05,168 [INFO]: Logged in as ivantan13140@gmail.com. Selecting folder 'popmart_order'.
2024-12-17 02:12:05,580 [INFO]: Found 46 messages for ivantan13140@gmail.com in 'popmart_order'.
2024-12-17 02:12:06,994 [INFO]: Data saved to C:\Users\ivant\PycharmProjects\emailhub1\src\..\data\output.csv
2024-12-18 02:29:31,316 [INFO]: Starting email parsing process with multiple accounts.
2024-12-18 02:29:31,317 [INFO]: Connecting to IMAP server.
2024-12-18 02:29:31,977 [INFO]: Logged in as ikktan1314@gmail.com. Selecting folder 'popmart_order'.
2024-12-18 02:29:32,231 [INFO]: Found 76 messages for ikktan1314@gmail.com in 'popmart_order'.
2024-12-18 02:29:33,279 [INFO]: Skipping email with subject: Refund notification
2024-12-18 02:29:33,281 [INFO]: Skipping email with subject: Refund notification
2024-12-18 02:29:33,349 [INFO]: Skipping email with subject: Refund notification
2024-12-18 02:29:33,532 [INFO]: Connecting to IMAP server.
2024-12-18 02:29:34,848 [INFO]: Logged in as ivantan13140@gmail.com. Selecting folder 'popmart_order'.
2024-12-18 02:29:35,264 [INFO]: Found 46 messages for ivantan13140@gmail.com in 'popmart_order'.
2024-12-18 02:29:36,651 [INFO]: Data saved to C:\Users\ivant\PycharmProjects\emailhub1\src\..\data\output.csv
2024-12-18 02:37:06,078 [INFO]: Starting email parsing process with multiple accounts.
2024-12-18 02:37:06,079 [INFO]: Connecting to IMAP server.
2024-12-18 02:37:06,815 [INFO]: Logged in as ikktan1314@gmail.com. Selecting folder 'popmart_order'.
2024-12-18 02:37:07,040 [INFO]: Found 76 messages for ikktan1314@gmail.com in 'popmart_order'.
2024-12-18 02:37:08,337 [INFO]: Connecting to IMAP server.
2024-12-18 02:37:09,661 [INFO]: Logged in as ivantan13140@gmail.com. Selecting folder 'popmart_order'.
2024-12-18 02:37:10,081 [INFO]: Found 46 messages for ivantan13140@gmail.com in 'popmart_order'.
2024-12-18 02:37:11,443 [INFO]: Data saved to C:\Users\ivant\PycharmProjects\emailhub1\src\..\data\output.csv
2024-12-18 02:38:31,509 [INFO]: Starting email parsing process with multiple accounts.
2024-12-18 02:38:31,509 [INFO]: Connecting to IMAP server.
2024-12-18 02:38:32,167 [INFO]: Logged in as ikktan1314@gmail.com. Selecting folder 'popmart_order'.
2024-12-18 02:38:32,354 [INFO]: Found 76 messages for ikktan1314@gmail.com in 'popmart_order'.
2024-12-18 02:38:33,104 [INFO]: Skipping email with subject: Refund notification
2024-12-18 02:38:33,106 [INFO]: Skipping email with subject: Refund notification
2024-12-18 02:38:33,175 [INFO]: Skipping email with subject: Refund notification
2024-12-18 02:38:33,352 [INFO]: Connecting to IMAP server.
2024-12-18 02:38:34,662 [INFO]: Logged in as ivantan13140@gmail.com. Selecting folder 'popmart_order'.
2024-12-18 02:38:35,050 [INFO]: Found 46 messages for ivantan13140@gmail.com in 'popmart_order'.
2024-12-18 02:38:36,410 [INFO]: Data saved to C:\Users\ivant\PycharmProjects\emailhub1\src\..\data\output.csv
2024-12-18 02:40:40,455 [INFO]: Starting email parsing process.
2024-12-18 02:43:18,707 [INFO]: Starting email parsing process.
2024-12-18 02:43:18,708 [INFO]: Connecting to IMAP server.
2024-12-18 02:43:19,489 [INFO]: Logged in as ikktan1314@gmail.com. Selecting folder 'INBOX'.
2024-12-18 02:43:20,237 [INFO]: Found 61313 messages for ikktan1314@gmail.com in 'INBOX'.
2024-12-18 02:45:54,375 [INFO]: Starting email parsing process.
2024-12-18 02:45:54,376 [INFO]: Connecting to IMAP server.
2024-12-18 02:45:55,060 [INFO]: Logged in as ikktan1314@gmail.com. Selecting folder 'popmart_order'.
2024-12-18 02:45:55,276 [INFO]: Found 76 messages for ikktan1314@gmail.com in 'popmart_order'.
2024-12-18 02:45:56,122 [INFO]: Skipping email with subject: Refund notification
2024-12-18 02:45:56,124 [INFO]: Skipping email with subject: Refund notification
2024-12-18 02:45:56,190 [INFO]: Skipping email with subject: Refund notification
2024-12-18 02:45:56,413 [INFO]: Data saved to C:\Users\ivant\PycharmProjects\emailhub1\src\..\data\output.csv
2024-12-18 02:46:18,113 [INFO]: Starting email parsing process.
2024-12-18 02:46:18,113 [INFO]: Connecting to IMAP server.
2024-12-18 02:46:18,868 [INFO]: Logged in as ikktan1314@gmail.com. Selecting folder 'popmart_order'.
2024-12-18 02:46:19,091 [INFO]: Found 76 messages for ikktan1314@gmail.com in 'popmart_order'.
2024-12-18 02:46:19,824 [INFO]: Skipping email with subject: Refund notification
2024-12-18 02:46:19,826 [INFO]: Skipping email with subject: Refund notification
2024-12-18 02:46:19,894 [INFO]: Skipping email with subject: Refund notification
2024-12-18 02:46:20,095 [INFO]: Data saved to C:\Users\ivant\PycharmProjects\emailhub1\src\..\data\output.csv
2024-12-18 02:48:06,751 [INFO]: Starting email parsing process.
2024-12-18 02:48:06,751 [INFO]: Connecting to IMAP server.
2024-12-18 02:48:07,683 [INFO]: Logged in as ikktan1314@gmail.com. Selecting folder 'popmart_order'.
2024-12-18 02:48:07,925 [INFO]: Found 76 messages for ikktan1314@gmail.com in 'popmart_order'.
2024-12-18 02:48:08,743 [INFO]: Skipping email with subject: Refund notification
2024-12-18 02:48:08,745 [INFO]: Skipping email with subject: Refund notification
2024-12-18 02:48:08,816 [INFO]: Skipping email with subject: Refund notification
2024-12-18 02:48:09,031 [INFO]: Data saved to C:\Users\ivant\PycharmProjects\emailhub1\src\..\data\output.csv and sorted by email_date (ascending)
2024-12-18 02:49:54,588 [INFO]: Starting email parsing process.
2024-12-18 02:49:54,589 [INFO]: Connecting to IMAP server.
2024-12-18 02:49:55,353 [INFO]: Logged in as ikktan1314@gmail.com. Selecting folder 'popmart_order'.
2024-12-18 02:49:55,580 [INFO]: Found 76 messages for ikktan1314@gmail.com in 'popmart_order'.
2024-12-18 02:49:56,454 [INFO]: Skipping email with subject: Refund notification
2024-12-18 02:49:56,457 [INFO]: Skipping email with subject: Refund notification
2024-12-18 02:49:56,524 [INFO]: Skipping email with subject: Refund notification
2024-12-18 02:50:24,716 [INFO]: Starting email parsing process.
2024-12-18 02:50:24,716 [INFO]: Connecting to IMAP server.
2024-12-18 02:50:25,322 [INFO]: Logged in as ikktan1314@gmail.com. Selecting folder 'popmart_order'.
2024-12-18 02:50:25,504 [INFO]: Found 76 messages for ikktan1314@gmail.com in 'popmart_order'.
2024-12-18 02:50:26,257 [INFO]: Skipping email with subject: Refund notification
2024-12-18 02:50:26,260 [INFO]: Skipping email with subject: Refund notification
2024-12-18 02:50:26,330 [INFO]: Skipping email with subject: Refund notification
2024-12-18 02:50:26,517 [INFO]: Data saved to C:\Users\ivant\PycharmProjects\emailhub1\src\..\data\output.csv
2024-12-18 02:51:04,759 [INFO]: Starting email parsing process.
2024-12-18 02:51:04,759 [INFO]: Connecting to IMAP server.
2024-12-18 02:51:05,323 [INFO]: Logged in as ikktan1314@gmail.com. Selecting folder 'popmart_order'.
2024-12-18 02:51:05,527 [INFO]: Found 76 messages for ikktan1314@gmail.com in 'popmart_order'.
2024-12-18 02:51:06,273 [INFO]: Skipping email with subject: Refund notification
2024-12-18 02:51:06,276 [INFO]: Skipping email with subject: Refund notification
2024-12-18 02:51:06,349 [INFO]: Skipping email with subject: Refund notification
2024-12-18 02:51:06,546 [INFO]: Data saved to C:\Users\ivant\PycharmProjects\emailhub1\src\..\data\output.csv
2024-12-18 02:53:25,858 [INFO]: Starting email parsing process.
2024-12-18 02:53:25,858 [INFO]: Connecting to IMAP server.
2024-12-18 02:53:26,262 [INFO]: Logged in as ikktan1314@gmail.com. Selecting folder 'popmart_order'.
2024-12-18 02:53:26,457 [INFO]: Found 76 messages for ikktan1314@gmail.com in 'popmart_order'.
2024-12-18 02:53:27,294 [INFO]: Skipping email with subject: Refund notification
2024-12-18 02:53:27,296 [INFO]: Skipping email with subject: Refund notification
2024-12-18 02:53:27,359 [INFO]: Skipping email with subject: Refund notification
2024-12-18 02:53:27,545 [INFO]: Data saved to C:\Users\ivant\PycharmProjects\emailhub1\src\..\data\output.csv and sorted by email_date (descending)
2024-12-18 02:55:30,372 [INFO]: Starting email parsing process.
2024-12-18 02:55:30,372 [INFO]: Connecting to IMAP server.
2024-12-18 02:55:30,896 [INFO]: Logged in as ikktan1314@gmail.com. Selecting folder 'popmart_order'.
2024-12-18 02:55:31,098 [INFO]: Found 76 messages for ikktan1314@gmail.com in 'popmart_order'.
2024-12-18 02:55:31,915 [INFO]: Skipping email with subject: Refund notification
2024-12-18 02:55:31,918 [INFO]: Skipping email with subject: Refund notification
2024-12-18 02:55:31,984 [INFO]: Skipping email with subject: Refund notification
2024-12-18 02:55:32,175 [INFO]: Data saved to C:\Users\ivant\PycharmProjects\emailhub1\src\..\data\output.csv
2024-12-18 02:55:47,959 [INFO]: Starting email parsing process.
2024-12-18 02:55:47,959 [INFO]: Connecting to IMAP server.
2024-12-18 02:55:48,527 [INFO]: Logged in as ikktan1314@gmail.com. Selecting folder 'popmart_order'.
2024-12-18 02:55:48,748 [INFO]: Found 76 messages for ikktan1314@gmail.com in 'popmart_order'.
2024-12-18 02:55:49,534 [INFO]: Skipping email with subject: Refund notification
2024-12-18 02:55:49,537 [INFO]: Skipping email with subject: Refund notification
2024-12-18 02:55:49,608 [INFO]: Skipping email with subject: Refund notification
2024-12-18 02:55:49,800 [INFO]: Data saved to C:\Users\ivant\PycharmProjects\emailhub1\src\..\data\output.csv
2024-12-18 02:55:55,172 [INFO]: Starting email parsing process.
2024-12-18 02:55:55,172 [INFO]: Connecting to IMAP server.
2024-12-18 02:55:55,713 [INFO]: Logged in as ikktan1314@gmail.com. Selecting folder 'popmart_order'.
2024-12-18 02:55:55,931 [INFO]: Found 76 messages for ikktan1314@gmail.com in 'popmart_order'.
2024-12-18 02:55:56,694 [INFO]: Skipping email with subject: Refund notification
2024-12-18 02:55:56,697 [INFO]: Skipping email with subject: Refund notification
2024-12-18 02:55:56,772 [INFO]: Skipping email with subject: Refund notification
2024-12-18 02:55:56,963 [INFO]: Data saved to C:\Users\ivant\PycharmProjects\emailhub1\src\..\data\output.csv
2024-12-18 02:56:09,309 [INFO]: Starting email parsing process.
2024-12-18 02:56:09,309 [INFO]: Connecting to IMAP server.
2024-12-18 02:56:09,825 [INFO]: Logged in as ikktan1314@gmail.com. Selecting folder 'popmart_order'.
2024-12-18 02:56:10,033 [INFO]: Found 76 messages for ikktan1314@gmail.com in 'popmart_order'.
2024-12-18 02:56:10,802 [INFO]: Skipping email with subject: Refund notification
2024-12-18 02:56:10,804 [INFO]: Skipping email with subject: Refund notification
2024-12-18 02:56:10,874 [INFO]: Skipping email with subject: Refund notification
2024-12-18 02:56:28,487 [INFO]: Starting email parsing process.
2024-12-18 02:56:28,488 [INFO]: Connecting to IMAP server.
2024-12-18 02:56:28,862 [INFO]: Logged in as ikktan1314@gmail.com. Selecting folder 'popmart_order'.
2024-12-18 02:56:29,066 [INFO]: Found 76 messages for ikktan1314@gmail.com in 'popmart_order'.
2024-12-18 02:56:29,845 [INFO]: Skipping email with subject: Refund notification
2024-12-18 02:56:29,847 [INFO]: Skipping email with subject: Refund notification
2024-12-18 02:56:29,917 [INFO]: Skipping email with subject: Refund notification
2024-12-18 02:56:30,097 [INFO]: Data saved to C:\Users\ivant\PycharmProjects\emailhub1\src\..\data\output.csv
2024-12-18 02:56:48,724 [INFO]: Starting email parsing process.
2024-12-18 02:56:48,724 [INFO]: Connecting to IMAP server.
2024-12-18 02:56:49,243 [INFO]: Logged in as ikktan1314@gmail.com. Selecting folder 'popmart_order'.
2024-12-18 02:56:49,439 [INFO]: Found 76 messages for ikktan1314@gmail.com in 'popmart_order'.
2024-12-18 02:56:50,170 [INFO]: Skipping email with subject: Refund notification
2024-12-18 02:56:50,173 [INFO]: Skipping email with subject: Refund notification
2024-12-18 02:56:50,254 [INFO]: Skipping email with subject: Refund notification
2024-12-18 02:56:50,459 [INFO]: Data saved to C:\Users\ivant\PycharmProjects\emailhub1\src\..\data\output.csv
2024-12-18 02:57:10,274 [INFO]: Starting email parsing process.
2024-12-18 02:57:10,274 [INFO]: Connecting to IMAP server.
2024-12-18 02:57:10,786 [INFO]: Logged in as ikktan1314@gmail.com. Selecting folder 'popmart_order'.
2024-12-18 02:57:11,005 [INFO]: Found 76 messages for ikktan1314@gmail.com in 'popmart_order'.
2024-12-18 02:57:11,754 [INFO]: Skipping email with subject: Refund notification
2024-12-18 02:57:11,757 [INFO]: Skipping email with subject: Refund notification
2024-12-18 02:57:11,825 [INFO]: Skipping email with subject: Refund notification
2024-12-18 02:57:12,006 [INFO]: Data saved to C:\Users\ivant\PycharmProjects\emailhub1\src\..\data\output.csv
2024-12-18 02:57:35,779 [INFO]: Starting email parsing process.
2024-12-18 02:57:35,779 [INFO]: Connecting to IMAP server.
2024-12-18 02:57:36,310 [INFO]: Logged in as ikktan1314@gmail.com. Selecting folder 'popmart_order'.
2024-12-18 02:57:36,514 [INFO]: Found 76 messages for ikktan1314@gmail.com in 'popmart_order'.
2024-12-18 02:57:37,262 [INFO]: Skipping email with subject: Refund notification
2024-12-18 02:57:37,264 [INFO]: Skipping email with subject: Refund notification
2024-12-18 02:57:37,343 [INFO]: Skipping email with subject: Refund notification
2024-12-18 02:57:37,569 [INFO]: Data saved to C:\Users\ivant\PycharmProjects\emailhub1\src\..\data\output.csv and sorted by order_number (ascending)
2024-12-18 02:57:57,893 [INFO]: Starting email parsing process.
2024-12-18 02:57:57,894 [INFO]: Connecting to IMAP server.
2024-12-18 02:57:58,588 [INFO]: Logged in as ikktan1314@gmail.com. Selecting folder 'popmart_order'.
2024-12-18 02:57:58,795 [INFO]: Found 76 messages for ikktan1314@gmail.com in 'popmart_order'.
2024-12-18 02:57:59,546 [INFO]: Skipping email with subject: Refund notification
2024-12-18 02:57:59,548 [INFO]: Skipping email with subject: Refund notification
2024-12-18 02:57:59,617 [INFO]: Skipping email with subject: Refund notification
2024-12-18 02:57:59,833 [INFO]: Data saved to C:\Users\ivant\PycharmProjects\emailhub1\src\..\data\output.csv and sorted by order_date (ascending)
2024-12-18 03:01:27,221 [INFO]: Starting email parsing process.
2024-12-18 03:01:27,221 [INFO]: Connecting to IMAP server.
2024-12-18 03:01:28,006 [INFO]: Logged in as ikktan1314@gmail.com. Selecting folder 'popmart_order'.
2024-12-18 03:01:28,214 [INFO]: Found 76 messages for ikktan1314@gmail.com in 'popmart_order'.
2024-12-18 03:01:29,166 [INFO]: Skipping email with subject: Refund notification
2024-12-18 03:01:29,168 [INFO]: Skipping email with subject: Refund notification
2024-12-18 03:01:29,239 [INFO]: Skipping email with subject: Refund notification
2024-12-18 03:02:43,801 [INFO]: Starting email parsing process.
2024-12-18 03:02:43,801 [INFO]: Connecting to IMAP server.
2024-12-18 03:02:44,568 [INFO]: Logged in as ikktan1314@gmail.com. Selecting folder 'popmart_order'.
2024-12-18 03:02:44,894 [INFO]: Found 76 messages for ikktan1314@gmail.com in 'popmart_order'.
2024-12-18 03:02:45,978 [INFO]: Skipping email with subject: Refund notification
2024-12-18 03:02:45,980 [INFO]: Skipping email with subject: Refund notification
2024-12-18 03:02:46,056 [INFO]: Skipping email with subject: Refund notification
2024-12-18 03:04:29,063 [INFO]: Starting email parsing process.
2024-12-18 03:04:29,064 [INFO]: Connecting to IMAP server.
2024-12-18 03:04:29,828 [INFO]: Logged in as ikktan1314@gmail.com. Selecting folder 'popmart_order'.
2024-12-18 03:04:30,041 [INFO]: Found 76 messages for ikktan1314@gmail.com in 'popmart_order'.
2024-12-18 03:04:31,018 [INFO]: Skipping email with subject: Refund notification
2024-12-18 03:04:31,020 [INFO]: Skipping email with subject: Refund notification
2024-12-18 03:04:31,082 [INFO]: Skipping email with subject: Refund notification
2024-12-18 03:04:31,296 [INFO]: Data saved to C:\Users\ivant\PycharmProjects\emailhub1\src\..\data\output.csv and sorted by order_date (descending)
2024-12-18 03:05:54,343 [INFO]: Starting email parsing process.
2024-12-18 03:05:54,343 [INFO]: Connecting to IMAP server.
2024-12-18 03:05:55,045 [INFO]: Logged in as ikktan1314@gmail.com. Selecting folder 'popmart_order'.
2024-12-18 03:05:55,251 [INFO]: Found 76 messages for ikktan1314@gmail.com in 'popmart_order'.
2024-12-18 03:05:56,148 [INFO]: Skipping email with subject: Refund notification
2024-12-18 03:05:56,151 [INFO]: Skipping email with subject: Refund notification
2024-12-18 03:05:56,221 [INFO]: Skipping email with subject: Refund notification
2024-12-18 03:05:56,482 [INFO]: Data saved to C:\Users\ivant\PycharmProjects\emailhub1\src\..\data\output.csv and sorted by order_date (descending)
2024-12-23 18:45:40,367 [INFO]: Starting email parsing process.
2024-12-23 18:45:40,368 [INFO]: Connecting to IMAP server.
2024-12-23 18:45:41,433 [INFO]: Logged in as ikktan1314@gmail.com. Selecting folder 'popmart_order'.
2024-12-23 18:45:41,737 [INFO]: Found 91 messages for ikktan1314@gmail.com in 'popmart_order'.
2024-12-23 18:45:43,382 [INFO]: Skipping email with subject: Refund notification
2024-12-23 18:45:43,385 [INFO]: Skipping email with subject: Refund notification
2024-12-23 18:45:43,459 [INFO]: Skipping email with subject: Refund notification
2024-12-23 18:45:43,801 [INFO]: Data saved to C:\Users\ivant\PycharmProjects\emailhub1\src\..\data\output.csv and sorted by order_date (descending)
2024-12-23 18:50:24,364 [INFO]: Starting email parsing process.
2024-12-23 18:50:24,365 [INFO]: Connecting to IMAP server.
2024-12-23 18:50:24,728 [INFO]: Logged in as ikktan1314@gmail.com. Selecting folder 'popmart_order'.
2024-12-23 18:50:24,939 [INFO]: Found 91 messages for ikktan1314@gmail.com in 'popmart_order'.
2024-12-23 18:50:26,764 [INFO]: Skipping email with subject: Refund notification
2024-12-23 18:50:26,766 [INFO]: Skipping email with subject: Refund notification
2024-12-23 18:50:26,832 [INFO]: Skipping email with subject: Refund notification
2024-12-23 18:50:27,165 [INFO]: Data saved to C:\Users\ivant\PycharmProjects\emailhub1\src\..\data\output.csv and sorted by order_date (descending)
2024-12-23 19:02:15,341 [INFO]: Starting email parsing process.
2024-12-23 19:02:15,350 [INFO]: Connecting to IMAP server.
2024-12-23 19:02:16,084 [INFO]: Logged in as ikktan1314@gmail.com. Selecting folder 'popmart_order'.
2024-12-23 19:02:16,294 [INFO]: Found 91 messages for ikktan1314@gmail.com in 'popmart_order'.
2024-12-23 19:02:17,229 [INFO]: Skipping email with subject: Refund notification
2024-12-23 19:02:17,231 [INFO]: Skipping email with subject: Refund notification
2024-12-23 19:02:17,301 [INFO]: Skipping email with subject: Refund notification
2024-12-23 19:02:17,548 [INFO]: Connecting to IMAP server.
2024-12-23 19:02:19,004 [INFO]: Logged in as ivantan13140@gmail.com. Selecting folder 'popmart_order'.
2024-12-23 19:02:19,445 [INFO]: Found 47 messages for ivantan13140@gmail.com in 'popmart_order'.
2024-12-23 19:02:21,001 [INFO]: Data saved to C:\Users\ivant\PycharmProjects\emailhub1\src\..\data\output.csv and sorted by order_date (descending)
2024-12-23 19:06:00,772 [INFO]: Starting email parsing process.
2024-12-23 19:06:00,773 [INFO]: Connecting to IMAP server.
2024-12-23 19:06:01,277 [INFO]: Logged in as ikktan1314@gmail.com. Selecting folder 'popmart_order'.
2024-12-23 19:06:01,496 [INFO]: Found 91 messages for ikktan1314@gmail.com in 'popmart_order'.
2024-12-23 19:06:02,596 [INFO]: Skipping email with subject: Refund notification
2024-12-23 19:06:02,598 [INFO]: Skipping email with subject: Refund notification
2024-12-23 19:06:02,668 [INFO]: Skipping email with subject: Refund notification
2024-12-23 19:06:02,910 [INFO]: Connecting to IMAP server.
2024-12-23 19:06:04,223 [INFO]: Logged in as ivantan13140@gmail.com. Selecting folder 'popmart_order'.
2024-12-23 19:06:04,610 [INFO]: Found 47 messages for ivantan13140@gmail.com in 'popmart_order'.
2024-12-23 19:06:33,142 [INFO]: Starting email parsing process.
2024-12-23 19:06:33,142 [INFO]: Connecting to IMAP server.
2024-12-23 19:06:39,212 [INFO]: Logged in as ikktan1314@gmail.com. Selecting folder 'popmart_order'.
2024-12-23 19:06:39,419 [INFO]: Found 91 messages for ikktan1314@gmail.com in 'popmart_order'.
2024-12-23 19:06:46,185 [INFO]: Skipping email with subject: Refund notification
2024-12-23 19:06:46,187 [INFO]: Skipping email with subject: Refund notification
2024-12-23 19:06:46,255 [INFO]: Skipping email with subject: Refund notification
2024-12-23 19:06:46,499 [INFO]: Connecting to IMAP server.
2024-12-23 19:06:47,635 [INFO]: Logged in as ivantan13140@gmail.com. Selecting folder 'popmart_order'.
2024-12-23 19:06:47,969 [INFO]: Found 47 messages for ivantan13140@gmail.com in 'popmart_order'.
2024-12-23 19:07:14,797 [INFO]: Starting email parsing process.
2024-12-23 19:07:14,798 [INFO]: Connecting to IMAP server.
2024-12-23 19:07:15,423 [INFO]: Logged in as ikktan1314@gmail.com. Selecting folder 'popmart_order'.
2024-12-23 19:07:15,661 [INFO]: Found 91 messages for ikktan1314@gmail.com in 'popmart_order'.
2024-12-23 19:07:17,090 [INFO]: Skipping email with subject: Refund notification
2024-12-23 19:07:17,092 [INFO]: Skipping email with subject: Refund notification
2024-12-23 19:07:17,161 [INFO]: Skipping email with subject: Refund notification
2024-12-23 19:07:17,403 [INFO]: Connecting to IMAP server.
2024-12-23 19:07:18,888 [INFO]: Logged in as ivantan13140@gmail.com. Selecting folder 'popmart_order'.
2024-12-23 19:07:19,330 [INFO]: Found 47 messages for ivantan13140@gmail.com in 'popmart_order'.
2024-12-23 19:09:25,628 [INFO]: Starting email parsing process.
2024-12-23 19:09:25,630 [INFO]: Connecting to IMAP server.
2024-12-23 19:09:26,294 [INFO]: Logged in as ikktan1314@gmail.com. Selecting folder 'popmart_order'.
2024-12-23 19:09:26,488 [INFO]: Found 91 messages for ikktan1314@gmail.com in 'popmart_order'.
2024-12-23 19:09:28,182 [INFO]: Skipping email with subject: Refund notification
2024-12-23 19:09:28,184 [INFO]: Skipping email with subject: Refund notification
2024-12-23 19:09:28,255 [INFO]: Skipping email with subject: Refund notification
2024-12-23 19:09:28,484 [INFO]: Connecting to IMAP server.
2024-12-23 19:09:29,770 [INFO]: Logged in as ivantan13140@gmail.com. Selecting folder 'popmart_order'.
2024-12-23 19:09:30,165 [INFO]: Found 47 messages for ivantan13140@gmail.com in 'popmart_order'.
2024-12-23 19:09:34,895 [INFO]: Data saved to C:\Users\ivant\PycharmProjects\emailhub1\src\..\data\output.csv and sorted by order_date (descending)
2024-12-23 19:16:58,189 [INFO]: Starting email parsing process.
2024-12-23 19:16:58,193 [INFO]: Connecting to IMAP server.
2024-12-23 19:16:59,143 [INFO]: Logged in as ikktan1314@gmail.com. Selecting folder 'popmart_order'.
2024-12-23 19:16:59,435 [INFO]: Found 91 messages for ikktan1314@gmail.com in 'popmart_order'.
2024-12-23 19:17:00,624 [INFO]: Skipping email with subject: Refund notification
2024-12-23 19:19:09,501 [INFO]: Starting email parsing process.
2024-12-23 19:19:09,502 [INFO]: Connecting to IMAP server.
2024-12-23 19:19:10,286 [INFO]: Logged in as ikktan1314@gmail.com. Selecting folder 'popmart_order'.
2024-12-23 19:19:10,512 [INFO]: Found 91 messages for ikktan1314@gmail.com in 'popmart_order'.
2024-12-23 19:19:11,731 [INFO]: Skipping email with subject: Refund notification
2024-12-23 19:19:11,733 [INFO]: Skipping email with subject: Refund notification
2024-12-23 19:19:11,805 [INFO]: Skipping email with subject: Refund notification
2024-12-23 19:19:12,048 [INFO]: Connecting to IMAP server.
2024-12-23 19:19:13,255 [INFO]: Logged in as ivantan13140@gmail.com. Selecting folder 'popmart_order'.
2024-12-23 19:19:13,599 [INFO]: Found 47 messages for ivantan13140@gmail.com in 'popmart_order'.
2024-12-23 19:19:15,103 [INFO]: Data saved to C:\Users\ivant\PycharmProjects\emailhub1\src\..\data\output.csv and sorted by email_date (descending)
2024-12-23 19:19:43,896 [INFO]: Starting email parsing process.
2024-12-23 19:19:43,897 [INFO]: Connecting to IMAP server.
2024-12-23 19:19:44,671 [INFO]: Logged in as ikktan1314@gmail.com. Selecting folder 'popmart_order'.
2024-12-23 19:19:44,981 [INFO]: Found 91 messages for ikktan1314@gmail.com in 'popmart_order'.
2024-12-23 19:19:46,133 [INFO]: Skipping email with subject: Refund notification
2024-12-23 19:19:46,136 [INFO]: Skipping email with subject: Refund notification
2024-12-23 19:19:46,207 [INFO]: Skipping email with subject: Refund notification
2024-12-23 19:19:46,447 [INFO]: Connecting to IMAP server.
2024-12-23 19:19:47,776 [INFO]: Logged in as ivantan13140@gmail.com. Selecting folder 'popmart_order'.
2024-12-23 19:19:48,168 [INFO]: Found 47 messages for ivantan13140@gmail.com in 'popmart_order'.
2024-12-23 19:19:49,654 [INFO]: Data saved to C:\Users\ivant\PycharmProjects\emailhub1\src\..\data\output.csv and sorted by email_date (descending)
2024-12-23 19:20:11,749 [INFO]: Starting email parsing process.
2024-12-23 19:20:11,750 [INFO]: Connecting to IMAP server.
2024-12-23 19:20:12,474 [INFO]: Logged in as ikktan1314@gmail.com. Selecting folder 'popmart_order'.
2024-12-23 19:20:12,665 [INFO]: Found 91 messages for ikktan1314@gmail.com in 'popmart_order'.
2024-12-23 19:20:13,787 [INFO]: Skipping email with subject: Refund notification
2024-12-23 19:20:13,790 [INFO]: Skipping email with subject: Refund notification
2024-12-23 19:20:13,862 [INFO]: Skipping email with subject: Refund notification
2024-12-23 19:20:14,108 [INFO]: Connecting to IMAP server.
2024-12-23 19:20:15,622 [INFO]: Logged in as ivantan13140@gmail.com. Selecting folder 'popmart_order'.
2024-12-23 19:20:16,048 [INFO]: Found 47 messages for ivantan13140@gmail.com in 'popmart_order'.
2024-12-23 19:20:17,593 [INFO]: Data saved to C:\Users\ivant\PycharmProjects\emailhub1\src\..\data\output.csv and sorted by email_date (descending)
2024-12-23 19:26:12,669 [INFO]: Starting email parsing process.
2024-12-23 19:26:12,670 [INFO]: Connecting to IMAP server.
2024-12-23 19:26:13,081 [INFO]: Logged in as ikktan1314@gmail.com. Selecting folder 'popmart_order'.
2024-12-23 19:26:13,273 [INFO]: Found 91 messages for ikktan1314@gmail.com in 'popmart_order'.
2024-12-23 19:26:14,244 [INFO]: Skipping email with subject: Refund notification
2024-12-23 19:26:14,247 [INFO]: Skipping email with subject: Refund notification
2024-12-23 19:26:14,370 [INFO]: Skipping email with subject: Refund notification
2024-12-23 19:26:14,794 [INFO]: Connecting to IMAP server.
2024-12-23 19:26:16,072 [INFO]: Logged in as ivantan13140@gmail.com. Selecting folder 'popmart_order'.
2024-12-23 19:26:16,463 [INFO]: Found 47 messages for ivantan13140@gmail.com in 'popmart_order'.
2024-12-23 19:26:18,016 [INFO]: Data saved to C:\Users\ivant\PycharmProjects\emailhub1\src\..\data\output.csv and sorted by email_date (descending)
2024-12-23 19:28:09,337 [INFO]: Starting email parsing process.
2024-12-23 19:28:09,339 [INFO]: Connecting to IMAP server.
2024-12-23 19:28:10,325 [INFO]: Logged in as ikktan1314@gmail.com. Selecting folder 'popmart_order'.
2024-12-23 19:28:10,533 [INFO]: Found 91 messages for ikktan1314@gmail.com in 'popmart_order'.
2024-12-23 19:28:14,174 [INFO]: Skipping email with subject: Refund notification
2024-12-23 19:28:14,177 [INFO]: Skipping email with subject: Refund notification
2024-12-23 19:28:14,295 [INFO]: Skipping email with subject: Refund notification
2024-12-23 19:28:14,728 [INFO]: Connecting to IMAP server.
2024-12-23 19:28:15,408 [INFO]: Logged in as ivantan13140@gmail.com. Selecting folder 'popmart_order'.
2024-12-23 19:28:15,801 [INFO]: Found 47 messages for ivantan13140@gmail.com in 'popmart_order'.
2024-12-23 19:28:17,310 [INFO]: Data saved to C:\Users\ivant\PycharmProjects\emailhub1\src\..\data\output.csv and sorted by email_date (descending)
2024-12-23 23:15:25,089 [INFO]: Starting email parsing process.
2024-12-23 23:15:25,101 [INFO]: Connecting to IMAP server.
2024-12-23 23:15:25,881 [INFO]: Logged in as ikktan1314@gmail.com. Selecting folder 'popmart_order'.
2024-12-23 23:15:26,385 [INFO]: Found 93 messages for ikktan1314@gmail.com in 'popmart_order'.
2024-12-23 23:15:28,039 [INFO]: Skipping email with subject: Refund notification
2024-12-23 23:15:28,041 [INFO]: Skipping email with subject: Refund notification
2024-12-23 23:15:28,207 [INFO]: Skipping email with subject: Refund notification
2024-12-23 23:15:28,771 [INFO]: Connecting to IMAP server.
2024-12-23 23:15:30,099 [INFO]: Logged in as ivantan13140@gmail.com. Selecting folder 'popmart_order'.
2024-12-23 23:15:30,498 [INFO]: Found 47 messages for ivantan13140@gmail.com in 'popmart_order'.
2024-12-23 23:15:36,588 [INFO]: Data saved to C:\Users\ivant\PycharmProjects\emailhub1\src\..\data\output.csv and sorted by email_date (descending)
2024-12-23 23:18:13,952 [INFO]: Starting email parsing process.
2024-12-23 23:18:13,953 [INFO]: Connecting to IMAP server.
2024-12-23 23:18:14,845 [INFO]: Logged in as ikktan1314@gmail.com. Selecting folder 'popmart_order'.
2024-12-23 23:18:15,077 [INFO]: Found 93 messages for ikktan1314@gmail.com in 'popmart_order'.
2024-12-23 23:18:16,377 [INFO]: Skipping email with subject: Refund notification
2024-12-23 23:18:16,379 [INFO]: Skipping email with subject: Refund notification
2024-12-23 23:18:16,504 [INFO]: Skipping email with subject: Refund notification
2024-12-23 23:18:16,979 [INFO]: Connecting to IMAP server.
2024-12-23 23:18:18,322 [INFO]: Logged in as ivantan13140@gmail.com. Selecting folder 'popmart_order'.
2024-12-23 23:18:18,711 [INFO]: Found 47 messages for ivantan13140@gmail.com in 'popmart_order'.
2024-12-23 23:18:20,545 [INFO]: Data saved to C:\Users\ivant\PycharmProjects\emailhub1\src\..\data\output.csv and sorted by email_date (descending)
2024-12-23 23:22:35,313 [INFO]: Starting email parsing process.
2024-12-23 23:22:35,314 [INFO]: Connecting to IMAP server.
2024-12-23 23:22:36,236 [INFO]: Logged in as ikktan1314@gmail.com. Selecting folder 'popmart_order'.
2024-12-23 23:22:37,667 [INFO]: Found 93 messages for ikktan1314@gmail.com in 'popmart_order'.
2024-12-23 23:22:38,801 [INFO]: Skipping email with subject: Refund notification
2024-12-23 23:22:38,803 [INFO]: Skipping email with subject: Refund notification
2024-12-23 23:22:38,925 [INFO]: Skipping email with subject: Refund notification
2024-12-23 23:22:39,358 [INFO]: Connecting to IMAP server.
2024-12-23 23:22:40,084 [INFO]: Logged in as ivantan13140@gmail.com. Selecting folder 'popmart_order'.
2024-12-23 23:22:40,524 [INFO]: Found 47 messages for ivantan13140@gmail.com in 'popmart_order'.
2024-12-23 23:22:42,079 [INFO]: Data saved to C:\Users\ivant\PycharmProjects\emailhub1\src\..\data\output.csv and sorted by email_date (descending)
2024-12-23 23:22:54,974 [INFO]: Starting email parsing process.
2024-12-23 23:22:54,975 [INFO]: Connecting to IMAP server.
2024-12-23 23:22:55,601 [INFO]: Logged in as ikktan1314@gmail.com. Selecting folder 'popmart_order'.
2024-12-23 23:22:55,825 [INFO]: Found 93 messages for ikktan1314@gmail.com in 'popmart_order'.
2024-12-23 23:22:56,772 [INFO]: Skipping email with subject: Refund notification
2024-12-23 23:22:56,775 [INFO]: Skipping email with subject: Refund notification
2024-12-23 23:22:56,897 [INFO]: Skipping email with subject: Refund notification
2024-12-23 23:22:57,331 [INFO]: Connecting to IMAP server.
2024-12-23 23:22:58,518 [INFO]: Logged in as ivantan13140@gmail.com. Selecting folder 'popmart_order'.
2024-12-23 23:22:58,858 [INFO]: Found 47 messages for ivantan13140@gmail.com in 'popmart_order'.
2024-12-23 23:23:00,234 [INFO]: Data saved to C:\Users\ivant\PycharmProjects\emailhub1\src\..\data\output.csv and sorted by email_date (descending)
2024-12-23 23:24:58,235 [INFO]: Starting email parsing process.
2024-12-23 23:25:10,153 [INFO]: Starting email parsing process.
2024-12-23 23:26:45,261 [INFO]: Starting email parsing process.
2024-12-23 23:26:45,262 [INFO]: Connecting to IMAP server.
2024-12-23 23:26:46,027 [INFO]: Logged in as ikktan1314@gmail.com. Selecting folder 'popmart_order'.
2024-12-23 23:26:46,357 [INFO]: Found 93 messages for ikktan1314@gmail.com in 'popmart_order'.
2024-12-23 23:26:47,277 [INFO]: Skipping email with subject: Refund notification
2024-12-23 23:26:47,280 [INFO]: Skipping email with subject: Refund notification
2024-12-23 23:26:47,402 [INFO]: Skipping email with subject: Refund notification
2024-12-23 23:26:47,873 [INFO]: Connecting to IMAP server.
2024-12-23 23:26:49,236 [INFO]: Logged in as ivantan13140@gmail.com. Selecting folder 'popmart_order'.
2024-12-23 23:26:49,650 [INFO]: Found 47 messages for ivantan13140@gmail.com in 'popmart_order'.
2024-12-23 23:26:51,320 [INFO]: Data saved to C:\Users\ivant\PycharmProjects\emailhub1\src\..\data\output.csv and sorted by email_date (descending)
2024-12-23 23:37:07,319 [INFO]: Starting email parsing process.
2024-12-23 23:37:07,320 [INFO]: Connecting to IMAP server.
2024-12-23 23:37:08,121 [INFO]: Logged in as ikktan1314@gmail.com. Selecting folder 'popmart_order'.
2024-12-23 23:37:08,357 [INFO]: Found 93 messages for ikktan1314@gmail.com in 'popmart_order'.
2024-12-23 23:37:09,377 [INFO]: Skipping email with subject: Refund notification
2024-12-23 23:37:09,380 [INFO]: Skipping email with subject: Refund notification
2024-12-23 23:37:09,504 [INFO]: Skipping email with subject: Refund notification
2024-12-23 23:37:09,974 [INFO]: Connecting to IMAP server.
2024-12-23 23:37:11,416 [INFO]: Logged in as ivantan13140@gmail.com. Selecting folder 'popmart_order'.
2024-12-23 23:37:11,861 [INFO]: Found 47 messages for ivantan13140@gmail.com in 'popmart_order'.
2024-12-23 23:37:13,660 [INFO]: Data saved to C:\Users\ivant\PycharmProjects\emailhub1\src\..\data\output.csv and sorted by email_date (descending)
2024-12-23 23:53:15,480 [INFO]: Starting email parsing process.
2024-12-23 23:53:15,481 [INFO]: Connecting to IMAP server.
2024-12-23 23:53:16,368 [INFO]: Logged in as ikktan1314@gmail.com. Selecting folder 'popmart_order'.
2024-12-23 23:53:16,642 [INFO]: Found 93 messages for ikktan1314@gmail.com in 'popmart_order'.
2024-12-23 23:53:17,781 [INFO]: Skipping email with subject: Refund notification
2024-12-23 23:53:17,784 [INFO]: Skipping email with subject: Refund notification
2024-12-23 23:53:17,907 [INFO]: Skipping email with subject: Refund notification
2024-12-23 23:53:18,345 [INFO]: Connecting to IMAP server.
2024-12-23 23:53:19,700 [INFO]: Logged in as ivantan13140@gmail.com. Selecting folder 'popmart_order'.
2024-12-23 23:53:20,148 [INFO]: Found 47 messages for ivantan13140@gmail.com in 'popmart_order'.
2024-12-23 23:53:23,443 [INFO]: Data saved to C:\Users\ivant\PycharmProjects\emailhub1\src\..\data\output.csv and sorted by email_date (descending)
2024-12-23 23:58:09,832 [INFO]: Starting email parsing process.
2024-12-23 23:58:09,833 [INFO]: Connecting to IMAP server.
2024-12-23 23:58:10,390 [INFO]: Logged in as ikktan1314@gmail.com. Selecting folder 'popmart_order'.
2024-12-23 23:58:10,616 [INFO]: Found 93 messages for ikktan1314@gmail.com in 'popmart_order'.
2024-12-23 23:58:11,605 [INFO]: Skipping email with subject: Refund notification
2024-12-23 23:58:11,608 [INFO]: Skipping email with subject: Refund notification
2024-12-23 23:58:11,734 [INFO]: Skipping email with subject: Refund notification
2024-12-23 23:58:12,207 [INFO]: Connecting to IMAP server.
2024-12-23 23:58:13,356 [INFO]: Logged in as ivantan13140@gmail.com. Selecting folder 'popmart_order'.
2024-12-23 23:58:13,757 [INFO]: Found 47 messages for ivantan13140@gmail.com in 'popmart_order'.
2024-12-23 23:58:15,161 [INFO]: Data saved to C:\Users\ivant\PycharmProjects\emailhub1\src\..\data\output.csv and sorted by email_date (descending)
2024-12-23 23:58:27,092 [INFO]: Starting email parsing process.
2024-12-23 23:58:27,095 [INFO]: Connecting to IMAP server.
2024-12-23 23:58:27,655 [INFO]: Logged in as ikktan1314@gmail.com. Selecting folder 'popmart_order'.
2024-12-23 23:58:27,868 [INFO]: Found 93 messages for ikktan1314@gmail.com in 'popmart_order'.
2024-12-23 23:58:28,682 [INFO]: Skipping email with subject: Refund notification
2024-12-23 23:58:28,684 [INFO]: Skipping email with subject: Refund notification
2024-12-23 23:58:28,810 [INFO]: Skipping email with subject: Refund notification
2024-12-23 23:58:29,284 [INFO]: Connecting to IMAP server.
2024-12-23 23:58:29,884 [INFO]: Logged in as ivantan13140@gmail.com. Selecting folder 'popmart_order'.
2024-12-23 23:58:30,268 [INFO]: Found 47 messages for ivantan13140@gmail.com in 'popmart_order'.
2024-12-23 23:58:31,544 [INFO]: Data saved to C:\Users\ivant\PycharmProjects\emailhub1\src\..\data\output.csv and sorted by email_date (descending)
